[unrr.cz/index.html]
[backblue.gif]
[fade.gif]
[index.html]
[unrr.cz/wp-content/cache/autoptimize/css/autoptimize_6009a6339a50d3456a3c5c5e869a670e.css]
[unrr.cz/wp-includes/js/jquery/jquery4a5f.js]
[unrr.cz/kalendar/indexedf3.html]
[unrr.cz/comments/feed/index.html]
[unrr.cz/feed/index.html]
[unrr.cz/wp-json/index.html]
[unrr.cz/wp-includes/wlwmanifest.xml]
[unrr.cz/wp-json/oembed/1.0/embed9a55.json]
[unrr.cz/wp-json/oembed/1.0/embed7e53]
[unrr.cz/wp-content/uploads/2018/06/cropped-logo-unrr-symlbol-h40-32x32.png]
[unrr.cz/wp-content/uploads/2018/06/cropped-logo-unrr-symlbol-h40-192x192.png]
[unrr.cz/wp-content/uploads/2018/06/cropped-logo-unrr-symlbol-h40-180x180.png]
[unrr.cz/wp-content/uploads/2018/10/NRR_logo_308x100.png]
[unrr.cz/wp-json/tribe/events/v1/index.html]
[unrr.cz/en/index.html]
[unrr.cz/wp-content/uploads/2018/07/Škoda-Auto-výroba-400x400.jpg]
[unrr.cz/o-rade/index.html]
[unrr.cz/wp-content/uploads/2020/07/Školství-1-400x315.jpg]
[unrr.cz/kdo-jsme-a-co-delame/index.html]
[unrr.cz/clenove-narodni-rozpoctove-rady/index.html]
[unrr.cz/wp-content/uploads/2020/07/OBR-plnění-062020-400x400.jpg]
[unrr.cz/vybor-pro-rozpoctove-prognozy/index.html]
[unrr.cz/casto-kladene-otazky/index.html]
[unrr.cz/wp-content/uploads/2020/06/Zpráva-400x400.jpg]
[unrr.cz/vydavame/index.html]
[unrr.cz/vydavame/sdeleni/index.html]
[unrr.cz/wp-content/uploads/2020/06/Vyjádření-400x400.jpg]
[unrr.cz/vydavame/studie/index.html]
[unrr.cz/vydavame/stanoviska/index.html]
[unrr.cz/wp-content/uploads/2020/06/20200603_Stanovisko-400x400.jpg]
[unrr.cz/plan-cinnosti/index.html]
[unrr.cz/vydavame/komentare-a-dalsi-dokumenty/index.html]
[unrr.cz/urad-narodni-rozpoctove-rady/index.html]
[unrr.cz/rozpocty-pod-drobnohledem/index.html]
[unrr.cz/vedouci-uradu/index.html]
[unrr.cz/o-uradu-narodni-rozpoctove-rady/index.html]
[unrr.cz/wp-content/plugins/rotatingtweets/images/twitter-bird-16x16.png]
[unrr.cz/organizacni-struktura/index.html]
[unrr.cz/wp-content/plugins/rotatingtweets/images/reply.png]
[unrr.cz/uredni-deska/index.html]
[unrr.cz/provozni-informace/index.html]
[unrr.cz/wp-content/plugins/rotatingtweets/images/retweet.png]
[unrr.cz/rozpocet-uradu/index.html]
[unrr.cz/wp-content/plugins/rotatingtweets/images/favorite.png]
[unrr.cz/zaverecny-ucet-kapitoly/index.html]
[unrr.cz/vyrocni-zprava-uradu-narodni-rozpoctove-rady/index.html]
[unrr.cz/verejne-zakazky/index.html]
[unrr.cz/poskytovani-informaci/index.html]
[unrr.cz/jquery-swiper.css]
[unrr.cz/pro-media/index.html]
[unrr.cz/kariera/index.html]
[unrr.cz/narodni-rozpoctova-rada-v-mediich/index.html]
[unrr.cz/pro-media-2/index.html]
[unrr.cz/wp-block-library.css]
[unrr.cz/prezentace-a-vystoupeni-clenu-nrr/index.html]
[unrr.cz/tiskove-zpravy/index.html]
[unrr.cz/druhe-ctvrtleti-prineslo-historicky-nejvetsi-pokles-ceske-ekonomiky-hdp-se-propadl-o-temer-11/index.html]
[unrr.cz/kontakty/index.html]
[unrr.cz/cookie-notice-front.css]
[unrr.cz/verejne-vydaje-na-skolstvi-porostou-i-pres-pokles-poctu-zaku-ukazala-nova-studie-unrr/index.html]
[unrr.cz/pandemie-covid-19-umocnila-problem-dlouhodobe-neudrzitelnosti-ceskych-verejnych-financi-cas-na-hledani-reseni-se-zkratil/index.html]
[unrr.cz/poslanci-schvalili-zvyseni-schodku-statniho-rozpoctu-na-pul-bilionu-korun/index.html]
[unrr.cz/nrr-povazuje-navrh-na-dalsi-zvyseni-rozpoctoveho-deficitu-za-predcasny-nadmerny-a-neopodstatneny/index.html]
[unrr.cz/rotatingtweets.css]
[unrr.cz/stat-by-mel-obcim-a-krajum-kompenzovat-vypadek-prijmu-uvadi-nrr-ve-svem-novem-stanovisku/index.html]
[unrr.cz/aktuality/index.html]
[unrr.cz/kalendar/index.html]
[unrr.cz/povinne-zverejnovane-informace/index.html]
[unrr.cz/orbisius_ct_itideas_child_theme_parent_style.css]
[unrr.cz/vyhlaska-o-pristupnosti/index.html]
[unrr.cz/zpracovani-osobnich-udaju/index.html]
[unrr.cz/orbisius_ct_itideas_child_theme_parent_style_child_style.css]
[unrr.cz/cherry-google-fonts-itideas.css]
[unrr.cz/linearicons.css]
[unrr.cz/tm-builder-swiper.css]
[unrr.cz/tm-builder-modules-grid.css]
[unrr.cz/tm-builder-modules-style.css]
[unrr.cz/magnific-popup.css]
[unrr.cz/font-awesome.css]
[unrr.cz/tm-builder-modules-global-functions-script.js]
[unrr.cz/jquery-swiper.js]
[unrr.cz/cookie-notice-front.js]
[unrr.cz/cherry-post-formats.js]
[unrr.cz/google-maps-api.js]
[unrr.cz/divi-fitvids.js]
[unrr.cz/waypoints.js]
[unrr.cz/magnific-popup.js]
[unrr.cz/tm-jquery-touch-mobile.js]
[unrr.cz/tm-builder-frontend-closest-descendent.js]
[unrr.cz/tm-builder-frontend-reverse.js]
[unrr.cz/tm-builder-frontend-simple-carousel.js]
[unrr.cz/tm-builder-frontend-simple-slider.js]
[unrr.cz/tm-builder-frontend-easy-pie-chart.js]
[unrr.cz/tm-builder-frontend-tm-hash.js]
[unrr.cz/tm-builder-modules-script.js]
[unrr.cz/tm-builder-swiper.js]
[unrr.cz/fittext.js]
[unrr.cz/wp-content/uploads/2020/05/Zásady-používání-cookies_ÚNRR.pdf]
[unrr.cz/index.html]
[unrr.cz/xmlrpc.html]
[unrr.cz/wp-content/themes/itideas/assets/fonts/linearicons.ttf]
[unrr.cz/wp-content/plugins/power-builder/framework/assets/css/images/preloader.38.delayed]
[unrr.cz/wp-content/themes/itideas/assets/fonts/fontawesome-webfont5b62.eot]
[unrr.cz/wp-content/themes/itideas/assets/fonts/materialicons-regular.eot]
[unrr.cz/wp-content/cache/autoptimize/js/autoptimize_11e24d22ef140f9d2c6b8d77f15fe7eb.js]
[unrr.cz/wp-content/cache/autoptimize/css/autoptimize_6009a6339a50d3456a3c5c5e869a670e.css]
[unrr.cz/comments/feed/index.html]
[unrr.cz/xmlrpc0db0.html]
